phone/android/app/build/outputs/logs/manifest-merger-debug-report.txt
-- Merging decision tree log ---
manifest
ADDED from src\main\AndroidManifest.xml:1:1-74:12
	package
		ADDED from src\main\AndroidManifest.xml:2:5-34
		INJECTED from src\main\AndroidManifest.xml
		INJECTED from src\main\AndroidManifest.xml
	android:versionName
		ADDED from src\main\AndroidManifest.xml:4:5-30
		INJECTED from src\main\AndroidManifest.xml
		INJECTED from src\main\AndroidManifest.xml
	android:versionCode
		ADDED from src\main\AndroidManifest.xml:3:5-28
		INJECTED from src\main\AndroidManifest.xml
		INJECTED from src\main\AndroidManifest.xml
	xmlns:android
		ADDED from src\main\AndroidManifest.xml:1:11-69
uses-permission#android.permission.INTERNET
ADDED from src\main\AndroidManifest.xml:6:5-67
MERGED from [SampleAppMovies:pingpp-react-native:unspecified] AndroidManifest.xml:12:5-67
	android:name
		ADDED from src\main\AndroidManifest.xml:6:22-64
uses-permission#android.permission.SYSTEM_ALERT_WINDOW
ADDED from src\main\AndroidManifest.xml:7:5-77
MERGED from [com.facebook.react:react-native:0.37.0] AndroidManifest.xml:11:5-78
MERGED from [com.facebook.react:react-native:0.37.0] AndroidManifest.xml:11:5-78
MERGED from [com.facebook.react:react-native:0.37.0] AndroidManifest.xml:11:5-78
	android:name
		ADDED from src\main\AndroidManifest.xml:7:22-75
uses-sdk
ADDED from src\main\AndroidManifest.xml:9:5-11:41
MERGED from [SampleAppMovies:pingpp-react-native:unspecified] AndroidManifest.xml:7:5-9:41
MERGED from [com.facebook.react:react-native:0.37.0] AndroidManifest.xml:7:5-9:41
MERGED from [com.android.support:appcompat-v7:23.4.0] AndroidManifest.xml:21:5-23:78
MERGED from [com.android.support:animated-vector-drawable:23.4.0] AndroidManifest.xml:5:5-44
MERGED from [com.android.support:support-vector-drawable:23.4.0] AndroidManifest.xml:5:5-43
MERGED from [com.android.support:support-v4:23.4.0] AndroidManifest.xml:20:5-43
MERGED from [com.android.support:support-v4:23.4.0] AndroidManifest.xml:20:5-43
MERGED from [com.android.support:support-vector-drawable:23.4.0] AndroidManifest.xml:5:5-43
MERGED from [com.android.support:support-v4:23.4.0] AndroidManifest.xml:20:5-43
MERGED from [com.android.support:recyclerview-v7:23.0.1] AndroidManifest.xml:20:5-43
MERGED from [com.android.support:support-v4:23.4.0] AndroidManifest.xml:20:5-43
MERGED from [com.facebook.fresco:fresco:0.11.0] AndroidManifest.xml:5:5-7:41
MERGED from [com.facebook.fresco:drawee:0.11.0] AndroidManifest.xml:5:5-7:41
MERGED from [com.android.support:support-v4:23.4.0] AndroidManifest.xml:20:5-43
MERGED from [com.facebook.fresco:fbcore:0.11.0] AndroidManifest.xml:5:5-7:41
MERGED from [com.facebook.fresco:fbcore:0.11.0] AndroidManifest.xml:5:5-7:41
MERGED from [com.facebook.fresco:imagepipeline:0.11.0] AndroidManifest.xml:5:5-7:41
MERGED from [com.android.support:support-v4:23.4.0] AndroidManifest.xml:20:5-43
MERGED from [com.facebook.fresco:fbcore:0.11.0] AndroidManifest.xml:5:5-7:41
MERGED from [com.facebook.fresco:imagepipeline-base:0.11.0] AndroidManifest.xml:5:5-7:41
MERGED from [com.android.support:support-v4:23.4.0] AndroidManifest.xml:20:5-43
MERGED from [com.facebook.fresco:fbcore:0.11.0] AndroidManifest.xml:5:5-7:41
MERGED from [com.facebook.fresco:imagepipeline-okhttp3:0.11.0] AndroidManifest.xml:5:5-7:41
MERGED from [com.facebook.fresco:fbcore:0.11.0] AndroidManifest.xml:5:5-7:41
MERGED from [com.facebook.fresco:imagepipeline:0.11.0] AndroidManifest.xml:5:5-7:41
MERGED from [com.android.support:support-v4:23.4.0] AndroidManifest.xml:20:5-43
MERGED from [com.facebook.fresco:fbcore:0.11.0] AndroidManifest.xml:5:5-7:41
MERGED from [com.facebook.fresco:imagepipeline-base:0.11.0] AndroidManifest.xml:5:5-7:41
MERGED from [com.android.support:support-v4:23.4.0] AndroidManifest.xml:20:5-43
MERGED from [com.facebook.fresco:fbcore:0.11.0] AndroidManifest.xml:5:5-7:41
MERGED from [com.facebook.soloader:soloader:0.1.0] AndroidManifest.xml:2:3-70
MERGED from [com.pingxx:pingpp-core:2.1.11] AndroidManifest.xml:7:5-9:41
MERGED from [com.pingxx:pingpp-alipay:2.1.11] AndroidManifest.xml:7:5-9:41
MERGED from [com.pingxx:pingpp-upacp:2.1.11] AndroidManifest.xml:7:5-9:41
MERGED from [com.android.support:appcompat-v7:23.4.0] AndroidManifest.xml:21:5-23:78
MERGED from [com.android.support:animated-vector-drawable:23.4.0] AndroidManifest.xml:5:5-44
MERGED from [com.android.support:support-vector-drawable:23.4.0] AndroidManifest.xml:5:5-43
MERGED from [com.android.support:support-v4:23.4.0] AndroidManifest.xml:20:5-43
MERGED from [com.android.support:support-v4:23.4.0] AndroidManifest.xml:20:5-43
MERGED from [com.android.support:support-vector-drawable:23.4.0] AndroidManifest.xml:5:5-43
MERGED from [com.android.support:support-v4:23.4.0] AndroidManifest.xml:20:5-43
MERGED from [com.pingxx:pingpp-wxpay:2.1.11] AndroidManifest.xml:7:5-9:41
MERGED from [com.pingxx:pingpp-bfb-sdk:2.1.11] AndroidManifest.xml:7:5-9:41
MERGED from [com.pingxx:pingpp-qpay:2.1.11] AndroidManifest.xml:7:5-9:41
MERGED from [com.pingxx:pingpp-cmbwallet:2.1.11] AndroidManifest.xml:7:5-9:41
MERGED from [SampleAppMovies:react-native-vector-icons:unspecified] AndroidManifest.xml:7:5-9:41
MERGED from [com.facebook.react:react-native:0.37.0] AndroidManifest.xml:7:5-9:41
MERGED from [com.android.support:appcompat-v7:23.4.0] AndroidManifest.xml:21:5-23:78
MERGED from [com.android.support:animated-vector-drawable:23.4.0] AndroidManifest.xml:5:5-44
MERGED from [com.android.support:support-vector-drawable:23.4.0] AndroidManifest.xml:5:5-43
MERGED from [com.android.support:support-v4:23.4.0] AndroidManifest.xml:20:5-43
MERGED from [com.android.support:support-v4:23.4.0] AndroidManifest.xml:20:5-43
MERGED from [com.android.support:support-vector-drawable:23.4.0] AndroidManifest.xml:5:5-43
MERGED from [com.android.support:support-v4:23.4.0] AndroidManifest.xml:20:5-43
MERGED from [com.android.support:recyclerview-v7:23.0.1] AndroidManifest.xml:20:5-43
MERGED from [com.android.support:support-v4:23.4.0] AndroidManifest.xml:20:5-43
MERGED from [com.facebook.fresco:fresco:0.11.0] AndroidManifest.xml:5:5-7:41
MERGED from [com.facebook.fresco:drawee:0.11.0] AndroidManifest.xml:5:5-7:41
MERGED from [com.android.support:support-v4:23.4.0] AndroidManifest.xml:20:5-43
MERGED from [com.facebook.fresco:fbcore:0.11.0] AndroidManifest.xml:5:5-7:41
MERGED from [com.facebook.fresco:fbcore:0.11.0] AndroidManifest.xml:5:5-7:41
MERGED from [com.facebook.fresco:imagepipeline:0.11.0] AndroidManifest.xml:5:5-7:41
MERGED from [com.android.support:support-v4:23.4.0] AndroidManifest.xml:20:5-43
MERGED from [com.facebook.fresco:fbcore:0.11.0] AndroidManifest.xml:5:5-7:41
MERGED from [com.facebook.fresco:imagepipeline-base:0.11.0] AndroidManifest.xml:5:5-7:41
MERGED from [com.android.support:support-v4:23.4.0] AndroidManifest.xml:20:5-43
MERGED from [com.facebook.fresco:fbcore:0.11.0] AndroidManifest.xml:5:5-7:41
MERGED from [com.facebook.fresco:imagepipeline-okhttp3:0.11.0] AndroidManifest.xml:5:5-7:41
MERGED from [com.facebook.fresco:fbcore:0.11.0] AndroidManifest.xml:5:5-7:41
MERGED from [com.facebook.fresco:imagepipeline:0.11.0] AndroidManifest.xml:5:5-7:41
MERGED from [com.android.support:support-v4:23.4.0] AndroidManifest.xml:20:5-43
MERGED from [com.facebook.fresco:fbcore:0.11.0] AndroidManifest.xml:5:5-7:41
MERGED from [com.facebook.fresco:imagepipeline-base:0.11.0] AndroidManifest.xml:5:5-7:41
MERGED from [com.android.support:support-v4:23.4.0] AndroidManifest.xml:20:5-43
MERGED from [com.facebook.fresco:fbcore:0.11.0] AndroidManifest.xml:5:5-7:41
MERGED from [com.facebook.soloader:soloader:0.1.0] AndroidManifest.xml:2:3-70
MERGED from [com.android.support:appcompat-v7:23.4.0] AndroidManifest.xml:21:5-23:78
MERGED from [com.android.support:animated-vector-drawable:23.4.0] AndroidManifest.xml:5:5-44
MERGED from [com.android.support:support-vector-drawable:23.4.0] AndroidManifest.xml:5:5-43
MERGED from [com.android.support:support-v4:23.4.0] AndroidManifest.xml:20:5-43
MERGED from [com.android.support:support-v4:23.4.0] AndroidManifest.xml:20:5-43
MERGED from [com.android.support:support-vector-drawable:23.4.0] AndroidManifest.xml:5:5-43
MERGED from [com.android.support:support-v4:23.4.0] AndroidManifest.xml:20:5-43
MERGED from [com.facebook.react:react-native:0.37.0] AndroidManifest.xml:7:5-9:41
MERGED from [com.android.support:appcompat-v7:23.4.0] AndroidManifest.xml:21:5-23:78
MERGED from [com.android.support:animated-vector-drawable:23.4.0] AndroidManifest.xml:5:5-44
MERGED from [com.android.support:support-vector-drawable:23.4.0] AndroidManifest.xml:5:5-43
MERGED from [com.android.support:support-v4:23.4.0] AndroidManifest.xml:20:5-43
MERGED from [com.android.support:support-v4:23.4.0] AndroidManifest.xml:20:5-43
MERGED from [com.android.support:support-vector-drawable:23.4.0] AndroidManifest.xml:5:5-43
MERGED from [com.android.support:support-v4:23.4.0] AndroidManifest.xml:20:5-43
MERGED from [com.android.support:recyclerview-v7:23.0.1] AndroidManifest.xml:20:5-43
MERGED from [com.android.support:support-v4:23.4.0] AndroidManifest.xml:20:5-43
MERGED from [com.facebook.fresco:fresco:0.11.0] AndroidManifest.xml:5:5-7:41
MERGED from [com.facebook.fresco:drawee:0.11.0] AndroidManifest.xml:5:5-7:41
MERGED from [com.android.support:support-v4:23.4.0] AndroidManifest.xml:20:5-43
MERGED from [com.facebook.fresco:fbcore:0.11.0] AndroidManifest.xml:5:5-7:41
MERGED from [com.facebook.fresco:fbcore:0.11.0] AndroidManifest.xml:5:5-7:41
MERGED from [com.facebook.fresco:imagepipeline:0.11.0] AndroidManifest.xml:5:5-7:41
MERGED from [com.android.support:support-v4:23.4.0] AndroidManifest.xml:20:5-43
MERGED from [com.facebook.fresco:fbcore:0.11.0] AndroidManifest.xml:5:5-7:41
MERGED from [com.facebook.fresco:imagepipeline-base:0.11.0] AndroidManifest.xml:5:5-7:41
MERGED from [com.android.support:support-v4:23.4.0] AndroidManifest.xml:20:5-43
MERGED from [com.facebook.fresco:fbcore:0.11.0] AndroidManifest.xml:5:5-7:41
MERGED from [com.facebook.fresco:imagepipeline-okhttp3:0.11.0] AndroidManifest.xml:5:5-7:41
MERGED from [com.facebook.fresco:fbcore:0.11.0] AndroidManifest.xml:5:5-7:41
MERGED from [com.facebook.fresco:imagepipeline:0.11.0] AndroidManifest.xml:5:5-7:41
MERGED from [com.android.support:support-v4:23.4.0] AndroidManifest.xml:20:5-43
MERGED from [com.facebook.fresco:fbcore:0.11.0] AndroidManifest.xml:5:5-7:41
MERGED from [com.facebook.fresco:imagepipeline-base:0.11.0] AndroidManifest.xml:5:5-7:41
MERGED from [com.android.support:support-v4:23.4.0] AndroidManifest.xml:20:5-43
MERGED from [com.facebook.fresco:fbcore:0.11.0] AndroidManifest.xml:5:5-7:41
MERGED from [com.facebook.soloader:soloader:0.1.0] AndroidManifest.xml:2:3-70
MERGED from [com.facebook.fresco:animated-gif:0.11.0] AndroidManifest.xml:5:5-7:41
MERGED from [com.android.support:support-v4:23.4.0] AndroidManifest.xml:20:5-43
MERGED from [com.facebook.fresco:fbcore:0.11.0] AndroidManifest.xml:5:5-7:41
MERGED from [com.facebook.fresco:animated-base:0.11.0] AndroidManifest.xml:5:5-7:41
MERGED from [com.android.support:support-v4:23.4.0] AndroidManifest.xml:20:5-43
MERGED from [com.facebook.fresco:fbcore:0.11.0] AndroidManifest.xml:5:5-7:41
MERGED from [com.facebook.fresco:imagepipeline-base:0.11.0] AndroidManifest.xml:5:5-7:41
MERGED from [com.android.support:support-v4:23.4.0] AndroidManifest.xml:20:5-43
MERGED from [com.facebook.fresco:fbcore:0.11.0] AndroidManifest.xml:5:5-7:41
MERGED from [com.facebook.fresco:imagepipeline:0.11.0] AndroidManifest.xml:5:5-7:41
MERGED from [com.android.support:support-v4:23.4.0] AndroidManifest.xml:20:5-43
MERGED from [com.facebook.fresco:fbcore:0.11.0] AndroidManifest.xml:5:5-7:41
MERGED from [com.facebook.fresco:imagepipeline-base:0.11.0] AndroidManifest.xml:5:5-7:41
MERGED from [com.android.support:support-v4:23.4.0] AndroidManifest.xml:20:5-43
MERGED from [com.facebook.fresco:fbcore:0.11.0] AndroidManifest.xml:5:5-7:41
	tools:overrideLibrary
		ADDED from [com.android.support:appcompat-v7:23.4.0] AndroidManifest.xml:23:9-75
	android:targetSdkVersion
		ADDED from src\main\AndroidManifest.xml:11:9-38
		INJECTED from src\main\AndroidManifest.xml
		INJECTED from src\main\AndroidManifest.xml
	android:minSdkVersion
		ADDED from src\main\AndroidManifest.xml:10:9-35
		INJECTED from src\main\AndroidManifest.xml
		INJECTED from src\main\AndroidManifest.xml
application
ADDED from src\main\AndroidManifest.xml:13:5-72:19
MERGED from [SampleAppMovies:pingpp-react-native:unspecified] AndroidManifest.xml:27:5-34:19
MERGED from [com.facebook.react:react-native:0.37.0] AndroidManifest.xml:13:5-20
MERGED from [com.android.support:appcompat-v7:23.4.0] AndroidManifest.xml:25:5-20
MERGED from [com.android.support:animated-vector-drawable:23.4.0] AndroidManifest.xml:7:5-20
MERGED from [com.android.support:support-vector-drawable:23.4.0] AndroidManifest.xml:7:5-20
MERGED from [com.android.support:support-v4:23.4.0] AndroidManifest.xml:22:5-20
MERGED from [com.android.support:support-v4:23.4.0] AndroidManifest.xml:22:5-20
MERGED from [com.android.support:support-vector-drawable:23.4.0] AndroidManifest.xml:7:5-20
MERGED from [com.android.support:support-v4:23.4.0] AndroidManifest.xml:22:5-20
MERGED from [com.android.support:support-v4:23.4.0] AndroidManifest.xml:22:5-20
MERGED from [com.android.support:support-v4:23.4.0] AndroidManifest.xml:22:5-20
MERGED from [com.android.support:support-v4:23.4.0] AndroidManifest.xml:22:5-20
MERGED from [com.android.support:support-v4:23.4.0] AndroidManifest.xml:22:5-20
MERGED from [com.android.support:support-v4:23.4.0] AndroidManifest.xml:22:5-20
MERGED from [com.android.support:support-v4:23.4.0] AndroidManifest.xml:22:5-20
MERGED from [com.facebook.soloader:soloader:0.1.0] AndroidManifest.xml:3:3-17
MERGED from [org.webkit:android-jsc:r174650] AndroidManifest.xml:2:3-17
MERGED from [com.pingxx:pingpp-core:2.1.11] AndroidManifest.xml:11:5-18:19
MERGED from [com.android.support:appcompat-v7:23.4.0] AndroidManifest.xml:25:5-20
MERGED from [com.android.support:animated-vector-drawable:23.4.0] AndroidManifest.xml:7:5-20
MERGED from [com.android.support:support-vector-drawable:23.4.0] AndroidManifest.xml:7:5-20
MERGED from [com.android.support:support-v4:23.4.0] AndroidManifest.xml:22:5-20
MERGED from [com.android.support:support-v4:23.4.0] AndroidManifest.xml:22:5-20
MERGED from [com.android.support:support-vector-drawable:23.4.0] AndroidManifest.xml:7:5-20
MERGED from [com.android.support:support-v4:23.4.0] AndroidManifest.xml:22:5-20
MERGED from [com.pingxx:pingpp-bfb-sdk:2.1.11] AndroidManifest.xml:11:5-151:19
MERGED from [com.facebook.react:react-native:0.37.0] AndroidManifest.xml:13:5-20
MERGED from [com.android.support:appcompat-v7:23.4.0] AndroidManifest.xml:25:5-20
MERGED from [com.android.support:animated-vector-drawable:23.4.0] AndroidManifest.xml:7:5-20
MERGED from [com.android.support:support-vector-drawable:23.4.0] AndroidManifest.xml:7:5-20
MERGED from [com.android.support:support-v4:23.4.0] AndroidManifest.xml:22:5-20
MERGED from [com.android.support:support-v4:23.4.0] AndroidManifest.xml:22:5-20
MERGED from [com.android.support:support-vector-drawable:23.4.0] AndroidManifest.xml:7:5-20
MERGED from [com.android.support:support-v4:23.4.0] AndroidManifest.xml:22:5-20
MERGED from [com.android.support:support-v4:23.4.0] AndroidManifest.xml:22:5-20
MERGED from [com.android.support:support-v4:23.4.0] AndroidManifest.xml:22:5-20
MERGED from [com.android.support:support-v4:23.4.0] AndroidManifest.xml:22:5-20
MERGED from [com.android.support:support-v4:23.4.0] AndroidManifest.xml:22:5-20
MERGED from [com.android.support:support-v4:23.4.0] AndroidManifest.xml:22:5-20
MERGED from [com.android.support:support-v4:23.4.0] AndroidManifest.xml:22:5-20
MERGED from [com.facebook.soloader:soloader:0.1.0] AndroidManifest.xml:3:3-17
MERGED from [org.webkit:android-jsc:r174650] AndroidManifest.xml:2:3-17
MERGED from [com.android.support:appcompat-v7:23.4.0] AndroidManifest.xml:25:5-20
MERGED from [com.android.support:animated-vector-drawable:23.4.0] AndroidManifest.xml:7:5-20
MERGED from [com.android.support:support-vector-drawable:23.4.0] AndroidManifest.xml:7:5-20
MERGED from [com.android.support:support-v4:23.4.0] AndroidManifest.xml:22:5-20
MERGED from [com.android.support:support-v4:23.4.0] AndroidManifest.xml:22:5-20
MERGED from [com.android.support:support-vector-drawable:23.4.0] AndroidManifest.xml:7:5-20
MERGED from [com.android.support:support-v4:23.4.0] AndroidManifest.xml:22:5-20
MERGED from [com.facebook.react:react-native:0.37.0] AndroidManifest.xml:13:5-20
MERGED from [com.android.support:appcompat-v7:23.4.0] AndroidManifest.xml:25:5-20
MERGED from [com.android.support:animated-vector-drawable:23.4.0] AndroidManifest.xml:7:5-20
MERGED from [com.android.support:support-vector-drawable:23.4.0] AndroidManifest.xml:7:5-20
MERGED from [com.android.support:support-v4:23.4.0] AndroidManifest.xml:22:5-20
MERGED from [com.android.support:support-v4:23.4.0] AndroidManifest.xml:22:5-20
MERGED from [com.android.support:support-vector-drawable:23.4.0] AndroidManifest.xml:7:5-20
MERGED from [com.android.support:support-v4:23.4.0] AndroidManifest.xml:22:5-20
MERGED from [com.android.support:support-v4:23.4.0] AndroidManifest.xml:22:5-20
MERGED from [com.android.support:support-v4:23.4.0] AndroidManifest.xml:22:5-20
MERGED from [com.android.support:support-v4:23.4.0] AndroidManifest.xml:22:5-20
MERGED from [com.android.support:support-v4:23.4.0] AndroidManifest.xml:22:5-20
MERGED from [com.android.support:support-v4:23.4.0] AndroidManifest.xml:22:5-20
MERGED from [com.android.support:support-v4:23.4.0] AndroidManifest.xml:22:5-20
MERGED from [com.facebook.soloader:soloader:0.1.0] AndroidManifest.xml:3:3-17
MERGED from [org.webkit:android-jsc:r174650] AndroidManifest.xml:2:3-17
MERGED from [com.android.support:support-v4:23.4.0] AndroidManifest.xml:22:5-20
MERGED from [com.android.support:support-v4:23.4.0] AndroidManifest.xml:22:5-20
MERGED from [com.android.support:support-v4:23.4.0] AndroidManifest.xml:22:5-20
MERGED from [com.android.support:support-v4:23.4.0] AndroidManifest.xml:22:5-20
MERGED from [com.android.support:support-v4:23.4.0] AndroidManifest.xml:22:5-20
	android:label
		ADDED from src\main\AndroidManifest.xml:16:7-39
	android:allowBackup
		ADDED from src\main\AndroidManifest.xml:15:7-33
	android:icon
		ADDED from src\main\AndroidManifest.xml:17:7-41
	android:theme
		ADDED from src\main\AndroidManifest.xml:18:7-38
	android:name
		ADDED from src\main\AndroidManifest.xml:14:7-38
activity#com.sampleappmovies.MainActivity
ADDED from src\main\AndroidManifest.xml:19:7-27:18
	android:label
		ADDED from src\main\AndroidManifest.xml:21:9-41
	android:configChanges
		ADDED from src\main\AndroidManifest.xml:22:9-79
	android:name
		ADDED from src\main\AndroidManifest.xml:20:9-37
intent-filter#android.intent.action.MAIN+android.intent.category.LAUNCHER
ADDED from src\main\AndroidManifest.xml:23:9-26:25
action#android.intent.action.MAIN
ADDED from src\main\AndroidManifest.xml:24:13-65
	android:name
		ADDED from src\main\AndroidManifest.xml:24:21-62
category#android.intent.category.LAUNCHER
ADDED from src\main\AndroidManifest.xml:25:13-73
	android:name
		ADDED from src\main\AndroidManifest.xml:25:23-70
activity#com.facebook.react.devsupport.DevSettingsActivity
ADDED from src\main\AndroidManifest.xml:28:7-84
	android:name
		ADDED from src\main\AndroidManifest.xml:28:17-81
activity#com.pingplusplus.android.PaymentActivity
ADDED from src\main\AndroidManifest.xml:31:9-47:20
MERGED from [com.pingxx:pingpp-core:2.1.11] AndroidManifest.xml:12:9-17:20
	android:launchMode
		ADDED from src\main\AndroidManifest.xml:34:17-47
	android:configChanges
		ADDED from src\main\AndroidManifest.xml:33:17-89
	android:theme
		ADDED from src\main\AndroidManifest.xml:35:17-76
	android:name
		ADDED from src\main\AndroidManifest.xml:32:17-72
intent-filter#android.intent.action.VIEW+android.intent.category.BROWSABLE+android.intent.category.DEFAULT
ADDED from src\main\AndroidManifest.xml:38:13-45:29
action#android.intent.action.VIEW
ADDED from src\main\AndroidManifest.xml:39:17-68
	android:name
		ADDED from src\main\AndroidManifest.xml:39:25-66
category#android.intent.category.BROWSABLE
ADDED from src\main\AndroidManifest.xml:41:17-77
	android:name
		ADDED from src\main\AndroidManifest.xml:41:27-75
category#android.intent.category.DEFAULT
ADDED from src\main\AndroidManifest.xml:42:17-75
	android:name
		ADDED from src\main\AndroidManifest.xml:42:27-73
data
ADDED from src\main\AndroidManifest.xml:44:17-57
	android:scheme
		ADDED from src\main\AndroidManifest.xml:44:23-55
activity-alias#com.sampleappmovies.wxapi.WXPayEntryActivity
ADDED from src\main\AndroidManifest.xml:50:9-53:85
	android:exported
		ADDED from src\main\AndroidManifest.xml:52:17-40
	android:targetActivity
		ADDED from src\main\AndroidManifest.xml:53:17-82
	android:name
		ADDED from src\main\AndroidManifest.xml:51:17-57
activity#com.alipay.sdk.app.H5PayActivity
ADDED from src\main\AndroidManifest.xml:55:9-60:20
	android:screenOrientation
		ADDED from src\main\AndroidManifest.xml:59:17-51
	android:exported
		ADDED from src\main\AndroidManifest.xml:58:17-41
	android:configChanges
		ADDED from src\main\AndroidManifest.xml:57:17-89
	android:name
		ADDED from src\main\AndroidManifest.xml:56:17-64
activity#com.alipay.sdk.auth.AuthActivity
ADDED from src\main\AndroidManifest.xml:61:9-66:20
	android:screenOrientation
		ADDED from src\main\AndroidManifest.xml:65:17-51
	android:exported
		ADDED from src\main\AndroidManifest.xml:64:17-41
	android:configChanges
		ADDED from src\main\AndroidManifest.xml:63:17-89
	android:name
		ADDED from src\main\AndroidManifest.xml:62:17-64
activity#com.unionpay.uppay.PayActivity
ADDED from src\main\AndroidManifest.xml:69:9-71:92
	android:configChanges
		ADDED from src\main\AndroidManifest.xml:71:17-89
	android:name
		ADDED from src\main\AndroidManifest.xml:70:17-62
uses-permission#android.permission.ACCESS_NETWORK_STATE
ADDED from [SampleAppMovies:pingpp-react-native:unspecified] AndroidManifest.xml:13:5-79
	android:name
		ADDED from [SampleAppMovies:pingpp-react-native:unspecified] AndroidManifest.xml:13:22-76
uses-permission#android.permission.ACCESS_WIFI_STATE
ADDED from [SampleAppMovies:pingpp-react-native:unspecified] AndroidManifest.xml:14:5-76
	android:name
		ADDED from [SampleAppMovies:pingpp-react-native:unspecified] AndroidManifest.xml:14:22-73
uses-permission#android.permission.READ_PHONE_STATE
ADDED from [SampleAppMovies:pingpp-react-native:unspecified] AndroidManifest.xml:15:5-75
	android:name
		ADDED from [SampleAppMovies:pingpp-react-native:unspecified] AndroidManifest.xml:15:22-72
uses-permission#android.permission.WRITE_EXTERNAL_STORAGE
ADDED from [SampleAppMovies:pingpp-react-native:unspecified] AndroidManifest.xml:16:5-81
	android:name
		ADDED from [SampleAppMovies:pingpp-react-native:unspecified] AndroidManifest.xml:16:22-78
uses-permission#android.permission.NFC
ADDED from [SampleAppMovies:pingpp-react-native:unspecified] AndroidManifest.xml:17:5-62
	android:name
		ADDED from [SampleAppMovies:pingpp-react-native:unspecified] AndroidManifest.xml:17:22-59
uses-permission-sdk-23
ADDED from [SampleAppMovies:pingpp-react-native:unspecified] AndroidManifest.xml:19:5-82
	android:name
		ADDED from [SampleAppMovies:pingpp-react-native:unspecified] AndroidManifest.xml:19:29-79
uses-permission#android.permission.ACCESS_COARSE_LOCATION
ADDED from [SampleAppMovies:pingpp-react-native:unspecified] AndroidManifest.xml:23:5-81
	android:name
		ADDED from [SampleAppMovies:pingpp-react-native:unspecified] AndroidManifest.xml:23:22-78
uses-permission#android.permission.WRITE_SETTINGS
ADDED from [SampleAppMovies:pingpp-react-native:unspecified] AndroidManifest.xml:24:5-73
	android:name
		ADDED from [SampleAppMovies:pingpp-react-native:unspecified] AndroidManifest.xml:24:22-70
uses-permission#android.permission.READ_SMS
ADDED from [SampleAppMovies:pingpp-react-native:unspecified] AndroidManifest.xml:25:5-67
	android:name
		ADDED from [SampleAppMovies:pingpp-react-native:unspecified] AndroidManifest.xml:25:22-64
activity#com.pingplusplus.react.PingppActivity
ADDED from [SampleAppMovies:pingpp-react-native:unspecified] AndroidManifest.xml:28:9-33:20
	android:launchMode
		ADDED from [SampleAppMovies:pingpp-react-native:unspecified] AndroidManifest.xml:31:13-43
	android:configChanges
		ADDED from [SampleAppMovies:pingpp-react-native:unspecified] AndroidManifest.xml:30:13-59
	android:theme
		ADDED from [SampleAppMovies:pingpp-react-native:unspecified] AndroidManifest.xml:32:13-72
	android:name
		ADDED from [SampleAppMovies:pingpp-react-native:unspecified] AndroidManifest.xml:29:13-65
android:uses-permission#android.permission.READ_EXTERNAL_STORAGE
IMPLIED from src\main\AndroidManifest.xml:1:1-74:12 reason: org.webkit.android_jsc requested WRITE_EXTERNAL_STORAGE
activity#com.baidu.paysdk.login.LoginActivity
ADDED from [com.pingxx:pingpp-bfb-sdk:2.1.11] AndroidManifest.xml:12:9-18:57
	android:excludeFromRecents
		ADDED from [com.pingxx:pingpp-bfb-sdk:2.1.11] AndroidManifest.xml:15:13-46
	android:exported
		ADDED from [com.pingxx:pingpp-bfb-sdk:2.1.11] AndroidManifest.xml:16:13-37
	android:windowSoftInputMode
		ADDED from [com.pingxx:pingpp-bfb-sdk:2.1.11] AndroidManifest.xml:18:13-54
	android:configChanges
		ADDED from [com.pingxx:pingpp-bfb-sdk:2.1.11] AndroidManifest.xml:14:13-85
	android:theme
		ADDED from [com.pingxx:pingpp-bfb-sdk:2.1.11] AndroidManifest.xml:17:13-61
	android:name
		ADDED from [com.pingxx:pingpp-bfb-sdk:2.1.11] AndroidManifest.xml:13:13-64
activity#com.baidu.paysdk.ui.WelcomeActivity
ADDED from [com.pingxx:pingpp-bfb-sdk:2.1.11] AndroidManifest.xml:19:9-26:57
	android:screenOrientation
		ADDED from [com.pingxx:pingpp-bfb-sdk:2.1.11] AndroidManifest.xml:24:13-49
	android:excludeFromRecents
		ADDED from [com.pingxx:pingpp-bfb-sdk:2.1.11] AndroidManifest.xml:22:13-46
	android:exported
		ADDED from [com.pingxx:pingpp-bfb-sdk:2.1.11] AndroidManifest.xml:23:13-67
	android:windowSoftInputMode
		ADDED from [com.pingxx:pingpp-bfb-sdk:2.1.11] AndroidManifest.xml:26:13-54
	android:configChanges
		ADDED from [com.pingxx:pingpp-bfb-sdk:2.1.11] AndroidManifest.xml:21:13-85
	android:theme
		ADDED from [com.pingxx:pingpp-bfb-sdk:2.1.11] AndroidManifest.xml:25:13-61
	android:name
		ADDED from [com.pingxx:pingpp-bfb-sdk:2.1.11] AndroidManifest.xml:20:13-63
activity#com.baidu.paysdk.ui.OrderHomeActivity
ADDED from [com.pingxx:pingpp-bfb-sdk:2.1.11] AndroidManifest.xml:27:9-35:57
	android:screenOrientation
		ADDED from [com.pingxx:pingpp-bfb-sdk:2.1.11] AndroidManifest.xml:33:13-49
	android:excludeFromRecents
		ADDED from [com.pingxx:pingpp-bfb-sdk:2.1.11] AndroidManifest.xml:30:13-46
	android:hardwareAccelerated
		ADDED from [com.pingxx:pingpp-bfb-sdk:2.1.11] AndroidManifest.xml:32:13-48
	android:exported
		ADDED from [com.pingxx:pingpp-bfb-sdk:2.1.11] AndroidManifest.xml:31:13-67
	android:windowSoftInputMode
		ADDED from [com.pingxx:pingpp-bfb-sdk:2.1.11] AndroidManifest.xml:35:13-54
	android:configChanges
		ADDED from [com.pingxx:pingpp-bfb-sdk:2.1.11] AndroidManifest.xml:29:13-85
	android:theme
		ADDED from [com.pingxx:pingpp-bfb-sdk:2.1.11] AndroidManifest.xml:34:13-53
	android:name
		ADDED from [com.pingxx:pingpp-bfb-sdk:2.1.11] AndroidManifest.xml:28:13-65
activity#com.baidu.paysdk.ui.PayResultActivity
ADDED from [com.pingxx:pingpp-bfb-sdk:2.1.11] AndroidManifest.xml:36:9-43:57
	android:screenOrientation
		ADDED from [com.pingxx:pingpp-bfb-sdk:2.1.11] AndroidManifest.xml:41:13-49
	android:excludeFromRecents
		ADDED from [com.pingxx:pingpp-bfb-sdk:2.1.11] AndroidManifest.xml:39:13-46
	android:exported
		ADDED from [com.pingxx:pingpp-bfb-sdk:2.1.11] AndroidManifest.xml:40:13-67
	android:windowSoftInputMode
		ADDED from [com.pingxx:pingpp-bfb-sdk:2.1.11] AndroidManifest.xml:43:13-54
	android:configChanges
		ADDED from [com.pingxx:pingpp-bfb-sdk:2.1.11] AndroidManifest.xml:38:13-85
	android:theme
		ADDED from [com.pingxx:pingpp-bfb-sdk:2.1.11] AndroidManifest.xml:42:13-53
	android:name
		ADDED from [com.pingxx:pingpp-bfb-sdk:2.1.11] AndroidManifest.xml:37:13-65
activity#com.baidu.paysdk.ui.PcPwdCheckActivity
ADDED from [com.pingxx:pingpp-bfb-sdk:2.1.11] AndroidManifest.xml:44:9-51:58
	android:screenOrientation
		ADDED from [com.pingxx:pingpp-bfb-sdk:2.1.11] AndroidManifest.xml:49:13-49
	android:excludeFromRecents
		ADDED from [com.pingxx:pingpp-bfb-sdk:2.1.11] AndroidManifest.xml:47:13-46
	android:exported
		ADDED from [com.pingxx:pingpp-bfb-sdk:2.1.11] AndroidManifest.xml:48:13-67
	android:windowSoftInputMode
		ADDED from [com.pingxx:pingpp-bfb-sdk:2.1.11] AndroidManifest.xml:51:13-55
	android:configChanges
		ADDED from [com.pingxx:pingpp-bfb-sdk:2.1.11] AndroidManifest.xml:46:13-85
	android:theme
		ADDED from [com.pingxx:pingpp-bfb-sdk:2.1.11] AndroidManifest.xml:50:13-53
	android:name
		ADDED from [com.pingxx:pingpp-bfb-sdk:2.1.11] AndroidManifest.xml:45:13-66
activity#com.baidu.paysdk.ui.PwdCheckActivity
ADDED from [com.pingxx:pingpp-bfb-sdk:2.1.11] AndroidManifest.xml:52:9-59:58
	android:screenOrientation
		ADDED from [com.pingxx:pingpp-bfb-sdk:2.1.11] AndroidManifest.xml:57:13-49
	android:excludeFromRecents
		ADDED from [com.pingxx:pingpp-bfb-sdk:2.1.11] AndroidManifest.xml:55:13-46
	android:exported
		ADDED from [com.pingxx:pingpp-bfb-sdk:2.1.11] AndroidManifest.xml:56:13-67
	android:windowSoftInputMode
		ADDED from [com.pingxx:pingpp-bfb-sdk:2.1.11] AndroidManifest.xml:59:13-55
	android:configChanges
		ADDED from [com.pingxx:pingpp-bfb-sdk:2.1.11] AndroidManifest.xml:54:13-85
	android:theme
		ADDED from [com.pingxx:pingpp-bfb-sdk:2.1.11] AndroidManifest.xml:58:13-53
	android:name
		ADDED from [com.pingxx:pingpp-bfb-sdk:2.1.11] AndroidManifest.xml:53:13-64
activity#com.baidu.paysdk.ui.PwdSetAndConfirmActivity
ADDED from [com.pingxx:pingpp-bfb-sdk:2.1.11] AndroidManifest.xml:60:9-66:58
	android:excludeFromRecents
		ADDED from [com.pingxx:pingpp-bfb-sdk:2.1.11] AndroidManifest.xml:63:13-46
	android:exported